<?xml version="1.0" encoding="UTF-8"?>
<coverage generated="1681048548271" clover="3.2.0">
  <project timestamp="1681048548271" name="All files">
    <metrics statements="26" coveredstatements="6" conditionals="2" coveredconditionals="0" methods="6" coveredmethods="0" elements="34" coveredelements="6" complexity="0" loc="26" ncloc="26" packages="1" files="1" classes="1"/>
    <file name="useWeb3.tsx" path="/Users/rborges/Desktop/blockchain/eth.faucet/src/hooks/useWeb3.tsx">
      <metrics statements="26" coveredstatements="6" conditionals="2" coveredconditionals="0" methods="6" coveredmethods="0"/>
      <line num="1" count="1" type="stmt"/>
      <line num="2" count="1" type="stmt"/>
      <line num="4" count="1" type="stmt"/>
      <line num="7" count="1" type="stmt"/>
      <line num="22" count="1" type="stmt"/>
      <line num="23" count="0" type="stmt"/>
      <line num="25" count="0" type="stmt"/>
      <line num="26" count="0" type="stmt"/>
      <line num="29" count="0" type="stmt"/>
      <line num="31" count="0" type="stmt"/>
      <line num="32" count="0" type="stmt"/>
      <line num="33" count="0" type="stmt"/>
      <line num="35" count="0" type="stmt"/>
      <line num="39" count="0" type="stmt"/>
      <line num="43" count="0" type="stmt"/>
      <line num="44" count="0" type="stmt"/>
      <line num="47" count="0" type="stmt"/>
      <line num="48" count="0" type="stmt"/>
      <line num="49" count="0" type="stmt"/>
      <line num="55" count="0" type="cond" truecount="0" falsecount="2"/>
      <line num="56" count="0" type="stmt"/>
      <line num="58" count="0" type="stmt"/>
      <line num="61" count="0" type="stmt"/>
      <line num="64" count="0" type="stmt"/>
      <line num="67" count="0" type="stmt"/>
      <line num="70" count="1" type="stmt"/>
    </file>
  </project>
</coverage>
