{"/Users/rborges/Desktop/blockchain/eth.faucet/src/hooks/useWeb3.tsx": {"path":"/Users/rborges/Desktop/blockchain/eth.faucet/src/hooks/useWeb3.tsx","statementMap":{"0":{"start":{"line":1,"column":0},"end":{"line":1,"column":44}},"1":{"start":{"line":2,"column":0},"end":{"line":2,"column":32}},"2":{"start":{"line":4,"column":0},"end":{"line":4,"column":63}},"3":{"start":{"line":7,"column":0},"end":{"line":7,"column":24}},"4":{"start":{"line":22,"column":16},"end":{"line":68,"column":1}},"5":{"start":{"line":23,"column":24},"end":{"line":23,"column":66}},"6":{"start":{"line":25,"column":22},"end":{"line":45,"column":3}},"7":{"start":{"line":26,"column":66},"end":{"line":36,"column":8}},"8":{"start":{"line":29,"column":26},"end":{"line":29,"column":41}},"9":{"start":{"line":31,"column":34},"end":{"line":31,"column":42}},"10":{"start":{"line":32,"column":36},"end":{"line":32,"column":61}},"11":{"start":{"line":33,"column":28},"end":{"line":33,"column":45}},"12":{"start":{"line":35,"column":8},"end":{"line":35,"column":50}},"13":{"start":{"line":39,"column":22},"end":{"line":41,"column":null}},"14":{"start":{"line":43,"column":4},"end":{"line":43,"column":32}},"15":{"start":{"line":44,"column":4},"end":{"line":44,"column":21}},"16":{"start":{"line":47,"column":2},"end":{"line":65,"column":9}},"17":{"start":{"line":48,"column":25},"end":{"line":62,"column":5}},"18":{"start":{"line":49,"column":24},"end":{"line":53,"column":24}},"19":{"start":{"line":55,"column":6},"end":{"line":59,"column":null}},"20":{"start":{"line":56,"column":8},"end":{"line":56,"column":74}},"21":{"start":{"line":58,"column":8},"end":{"line":58,"column":66}},"22":{"start":{"line":61,"column":6},"end":{"line":61,"column":24}},"23":{"start":{"line":64,"column":4},"end":{"line":64,"column":19}},"24":{"start":{"line":67,"column":2},"end":{"line":67,"column":30}},"25":{"start":{"line":70,"column":0},"end":{"line":70,"column":23}}},"fnMap":{"0":{"name":"(anonymous_1)","decl":{"start":{"line":22,"column":16},"end":{"line":22,"column":32}},"loc":{"start":{"line":22,"column":34},"end":{"line":68,"column":1}}},"1":{"name":"(anonymous_2)","decl":{"start":{"line":25,"column":22},"end":{"line":25,"column":27}},"loc":{"start":{"line":25,"column":72},"end":{"line":45,"column":3}}},"2":{"name":"(anonymous_3)","decl":{"start":{"line":29,"column":12},"end":{"line":29,"column":13}},"loc":{"start":{"line":29,"column":26},"end":{"line":29,"column":41}}},"3":{"name":"(anonymous_4)","decl":{"start":{"line":30,"column":12},"end":{"line":30,"column":13}},"loc":{"start":{"line":30,"column":42},"end":{"line":36,"column":7}}},"4":{"name":"(anonymous_5)","decl":{"start":{"line":47,"column":12},"end":{"line":47,"column":15}},"loc":{"start":{"line":47,"column":17},"end":{"line":65,"column":3}}},"5":{"name":"(anonymous_6)","decl":{"start":{"line":48,"column":25},"end":{"line":48,"column":30}},"loc":{"start":{"line":48,"column":36},"end":{"line":62,"column":5}}}},"branchMap":{"0":{"loc":{"start":{"line":55,"column":6},"end":{"line":59,"column":null}},"type":"if","locations":[{"start":{"line":55,"column":6},"end":{"line":59,"column":null}},{"start":{"line":57,"column":13},"end":{"line":59,"column":null}}]}},"s":{"0":1,"1":1,"2":1,"3":1,"4":1,"5":0,"6":0,"7":0,"8":0,"9":0,"10":0,"11":0,"12":0,"13":0,"14":0,"15":0,"16":0,"17":0,"18":0,"19":0,"20":0,"21":0,"22":0,"23":0,"24":0,"25":1},"f":{"0":0,"1":0,"2":0,"3":0,"4":0,"5":0},"b":{"0":[0,0]}}
}
