TN:
SF:src/hooks/useWeb3.tsx
FN:22,(anonymous_1)
FN:25,(anonymous_2)
FN:29,(anonymous_3)
FN:30,(anonymous_4)
FN:47,(anonymous_5)
FN:48,(anonymous_6)
FNF:6
FNH:0
FNDA:0,(anonymous_1)
FNDA:0,(anonymous_2)
FNDA:0,(anonymous_3)
FNDA:0,(anonymous_4)
FNDA:0,(anonymous_5)
FNDA:0,(anonymous_6)
DA:1,1
DA:2,1
DA:4,1
DA:7,1
DA:22,1
DA:23,0
DA:25,0
DA:26,0
DA:29,0
DA:31,0
DA:32,0
DA:33,0
DA:35,0
DA:39,0
DA:43,0
DA:44,0
DA:47,0
DA:48,0
DA:49,0
DA:55,0
DA:56,0
DA:58,0
DA:61,0
DA:64,0
DA:67,0
DA:70,1
LF:26
LH:6
BRDA:55,0,0,0
BRDA:55,0,1,0
BRF:2
BRH:0
end_of_record
